<?xml version="1.0" encoding="UTF-8"?>
<!-- Generated by org.testng.reporters.JUnitXMLReporter -->
<testsuite hostname="ASDW0119" ignored="0" name="Default test" tests="4" failures="0" timestamp="17 Jan 2020 07:22:18 GMT" time="62.77" errors="0">
  <testcase name="test2" time="25.281" classname="Gmail_test_package.GmailLoginVerify"/>
  <testcase name="test3" time="2.494" classname="Gmail_test_package.GmailLoginVerify"/>
  <testcase name="test4" time="29.081" classname="Gmail_test_package.GmailLoginVerify"/>
  <testcase name="test5" time="0.655" classname="Gmail_test_package.GmailLoginVerify"/>
</testsuite> <!-- Default test -->
