<?xml version="1.0" encoding="UTF-8"?>
<testng-results skipped="0" failed="0" ignored="0" total="4" passed="4">
  <reporter-output>
  </reporter-output>
  <suite name="Default suite" duration-ms="62770" started-at="2020-01-17T07:21:15Z" finished-at="2020-01-17T07:22:18Z">
    <groups>
    </groups>
    <test name="Default test" duration-ms="62770" started-at="2020-01-17T07:21:15Z" finished-at="2020-01-17T07:22:18Z">
      <class name="Gmail_test_package.GmailLoginVerify">
        <test-method status="PASS" signature="test1()[pri:0, instance:Gmail_test_package.GmailLoginVerify@57fffcd7]" name="test1" is-config="true" duration-ms="4104" started-at="2020-01-17T07:21:15Z" finished-at="2020-01-17T07:21:19Z">
          <reporter-output>
          </reporter-output>
        </test-method> <!-- test1 -->
        <test-method status="PASS" signature="test2()[pri:0, instance:Gmail_test_package.GmailLoginVerify@57fffcd7]" name="test2" duration-ms="25281" started-at="2020-01-17T07:21:19Z" finished-at="2020-01-17T07:21:44Z">
          <reporter-output>
          </reporter-output>
        </test-method> <!-- test2 -->
        <test-method status="PASS" signature="test3()[pri:0, instance:Gmail_test_package.GmailLoginVerify@57fffcd7]" name="test3" duration-ms="2494" started-at="2020-01-17T07:21:44Z" finished-at="2020-01-17T07:21:47Z">
          <reporter-output>
          </reporter-output>
        </test-method> <!-- test3 -->
        <test-method status="PASS" signature="test4()[pri:0, instance:Gmail_test_package.GmailLoginVerify@57fffcd7]" name="test4" duration-ms="29081" started-at="2020-01-17T07:21:47Z" finished-at="2020-01-17T07:22:16Z">
          <reporter-output>
          </reporter-output>
        </test-method> <!-- test4 -->
        <test-method status="PASS" signature="test5()[pri:0, instance:Gmail_test_package.GmailLoginVerify@57fffcd7]" name="test5" duration-ms="655" started-at="2020-01-17T07:22:16Z" finished-at="2020-01-17T07:22:16Z">
          <reporter-output>
          </reporter-output>
        </test-method> <!-- test5 -->
        <test-method status="PASS" signature="closeWin()[pri:0, instance:Gmail_test_package.GmailLoginVerify@57fffcd7]" name="closeWin" is-config="true" duration-ms="1110" started-at="2020-01-17T07:22:16Z" finished-at="2020-01-17T07:22:18Z">
          <reporter-output>
          </reporter-output>
        </test-method> <!-- closeWin -->
      </class> <!-- Gmail_test_package.GmailLoginVerify -->
    </test> <!-- Default test -->
  </suite> <!-- Default suite -->
</testng-results>
